[0m16:11:26.445797 [debug] [MainThread]: Sending event: {'category': 'dbt', 'action': 'invocation', 'label': 'start', 'context': [<snowplow_tracker.self_describing_json.SelfDescribingJson object at 0x0000018E5B56B590>, <snowplow_tracker.self_describing_json.SelfDescribingJson object at 0x0000018E5B32DB90>, <snowplow_tracker.self_describing_json.SelfDescribingJson object at 0x0000018E5B518E10>]}


============================== 16:11:26.458793 | 33d9f18a-9b5c-4a4b-bd05-181be2b39f5d ==============================
[0m16:11:26.458793 [info ] [MainThread]: Running with dbt=1.9.4
[0m16:11:26.461795 [debug] [MainThread]: running dbt with arguments {'printer_width': '80', 'indirect_selection': 'eager', 'log_cache_events': 'False', 'write_json': 'True', 'partial_parse': 'True', 'cache_selected_only': 'False', 'warn_error': 'None', 'version_check': 'True', 'debug': 'False', 'log_path': 'logs', 'profiles_dir': 'C:\\Users\\danis\\.dbt', 'fail_fast': 'False', 'use_colors': 'True', 'use_experimental_parser': 'False', 'no_print': 'None', 'quiet': 'False', 'empty': 'None', 'log_format': 'default', 'invocation_command': 'dbt init dbtNews', 'static_parser': 'True', 'warn_error_options': 'WarnErrorOptions(include=[], exclude=[])', 'target_path': 'None', 'introspect': 'True', 'send_anonymous_usage_stats': 'True'}
[0m16:11:26.567494 [debug] [MainThread]: Starter project path: C:\Users\danis\Documents\ImagenesDocker\dbt\venv\Lib\site-packages\dbt\include\starter_project
[0m16:11:26.762059 [info ] [MainThread]: 
Your new dbt project "dbtNews" was created!

For more information on how to configure the profiles.yml file,
please consult the dbt documentation here:

  https://docs.getdbt.com/docs/configure-your-profile

One more thing:

Need help? Don't hesitate to reach out to us via GitHub issues or on Slack:

  https://community.getdbt.com/

Happy modeling!

[0m16:11:26.764063 [info ] [MainThread]: Setting up your profile.
[0m16:16:48.952223 [info ] [MainThread]: Profile dbtNews written to C:\Users\danis\.dbt\profiles.yml using target's profile_template.yml and your supplied values. Run 'dbt debug' to validate the connection.
[0m16:16:48.956286 [debug] [MainThread]: Command `dbt init` succeeded at 16:16:48.955339 after 322.78 seconds
[0m16:16:48.957289 [debug] [MainThread]: Sending event: {'category': 'dbt', 'action': 'invocation', 'label': 'end', 'context': [<snowplow_tracker.self_describing_json.SelfDescribingJson object at 0x0000018E54A9B910>, <snowplow_tracker.self_describing_json.SelfDescribingJson object at 0x0000018E5B519F50>, <snowplow_tracker.self_describing_json.SelfDescribingJson object at 0x0000018E54AE9190>]}
[0m16:16:48.959283 [debug] [MainThread]: Flushing usage events
[0m16:16:49.615219 [debug] [MainThread]: An error was encountered while trying to flush usage events
